2023-12-12 06:52:20.503 [info] Log level: Info
2023-12-12 06:52:20.503 [info] Validating found git in: "git"
2023-12-12 06:52:20.503 [info] Using git "2.43.0" from "git"
2023-12-12 06:52:20.503 [info] > git rev-parse --show-toplevel [7ms]
2023-12-12 06:52:20.503 [info] fatal: not a git repository (or any parent up to mount point /)
Stopping at filesystem boundary (GIT_DISCOVERY_ACROSS_FILESYSTEM not set).
2023-12-12 06:52:20.503 [info] > git rev-parse --show-toplevel [4ms]
2023-12-12 06:52:20.503 [info] fatal: not a git repository (or any parent up to mount point /)
Stopping at filesystem boundary (GIT_DISCOVERY_ACROSS_FILESYSTEM not set).
2023-12-12 06:52:20.508 [info] > git rev-parse --show-toplevel [6ms]
2023-12-12 06:52:20.508 [info] fatal: not a git repository (or any parent up to mount point /)
Stopping at filesystem boundary (GIT_DISCOVERY_ACROSS_FILESYSTEM not set).
2023-12-12 06:52:21.462 [info] > git rev-parse --show-toplevel [785ms]
2023-12-12 06:52:21.462 [info] fatal: not a git repository (or any parent up to mount point /)
Stopping at filesystem boundary (GIT_DISCOVERY_ACROSS_FILESYSTEM not set).
2023-12-12 06:52:21.542 [info] > git rev-parse --show-toplevel [33ms]
2023-12-12 06:52:21.542 [info] fatal: not a git repository (or any parent up to mount point /)
Stopping at filesystem boundary (GIT_DISCOVERY_ACROSS_FILESYSTEM not set).
2023-12-12 06:52:21.640 [info] > git rev-parse --show-toplevel [58ms]
2023-12-12 06:52:21.641 [info] fatal: not a git repository (or any parent up to mount point /)
Stopping at filesystem boundary (GIT_DISCOVERY_ACROSS_FILESYSTEM not set).
2023-12-12 06:52:21.695 [info] > git rev-parse --show-toplevel [26ms]
2023-12-12 06:52:21.695 [info] fatal: not a git repository (or any parent up to mount point /)
Stopping at filesystem boundary (GIT_DISCOVERY_ACROSS_FILESYSTEM not set).
2023-12-12 06:52:21.713 [info] > git rev-parse --show-toplevel [3ms]
2023-12-12 06:52:21.714 [info] fatal: not a git repository (or any parent up to mount point /)
Stopping at filesystem boundary (GIT_DISCOVERY_ACROSS_FILESYSTEM not set).
2023-12-12 06:52:21.725 [info] > git rev-parse --show-toplevel [2ms]
2023-12-12 06:52:21.726 [info] fatal: not a git repository (or any parent up to mount point /)
Stopping at filesystem boundary (GIT_DISCOVERY_ACROSS_FILESYSTEM not set).
2023-12-12 06:52:21.740 [info] > git rev-parse --show-toplevel [4ms]
2023-12-12 06:52:21.740 [info] fatal: not a git repository (or any parent up to mount point /)
Stopping at filesystem boundary (GIT_DISCOVERY_ACROSS_FILESYSTEM not set).
2023-12-12 06:52:21.760 [info] > git rev-parse --show-toplevel [2ms]
2023-12-12 06:52:21.760 [info] fatal: not a git repository (or any parent up to mount point /)
Stopping at filesystem boundary (GIT_DISCOVERY_ACROSS_FILESYSTEM not set).
2023-12-12 06:52:21.875 [info] > git rev-parse --show-toplevel [106ms]
2023-12-12 06:52:21.875 [info] fatal: not a git repository (or any parent up to mount point /)
Stopping at filesystem boundary (GIT_DISCOVERY_ACROSS_FILESYSTEM not set).
2023-12-12 06:52:21.903 [info] > git rev-parse --show-toplevel [4ms]
2023-12-12 06:52:21.903 [info] fatal: not a git repository (or any parent up to mount point /)
Stopping at filesystem boundary (GIT_DISCOVERY_ACROSS_FILESYSTEM not set).
2023-12-12 06:52:21.923 [info] > git rev-parse --show-toplevel [2ms]
2023-12-12 06:52:21.923 [info] fatal: not a git repository (or any parent up to mount point /)
Stopping at filesystem boundary (GIT_DISCOVERY_ACROSS_FILESYSTEM not set).
2023-12-12 06:52:22.068 [info] > git rev-parse --show-toplevel [64ms]
2023-12-12 06:52:22.068 [info] fatal: not a git repository (or any parent up to mount point /)
Stopping at filesystem boundary (GIT_DISCOVERY_ACROSS_FILESYSTEM not set).
2023-12-12 06:52:22.094 [info] > git rev-parse --show-toplevel [13ms]
2023-12-12 06:52:22.095 [info] fatal: not a git repository (or any parent up to mount point /)
Stopping at filesystem boundary (GIT_DISCOVERY_ACROSS_FILESYSTEM not set).
2023-12-12 06:52:22.108 [info] > git rev-parse --show-toplevel [1ms]
2023-12-12 06:52:22.108 [info] fatal: not a git repository (or any parent up to mount point /)
Stopping at filesystem boundary (GIT_DISCOVERY_ACROSS_FILESYSTEM not set).
2023-12-12 06:52:22.118 [info] > git rev-parse --show-toplevel [1ms]
2023-12-12 06:52:22.118 [info] fatal: not a git repository (or any parent up to mount point /)
Stopping at filesystem boundary (GIT_DISCOVERY_ACROSS_FILESYSTEM not set).
2023-12-12 06:52:22.131 [info] > git rev-parse --show-toplevel [1ms]
2023-12-12 06:52:22.131 [info] fatal: not a git repository (or any parent up to mount point /)
Stopping at filesystem boundary (GIT_DISCOVERY_ACROSS_FILESYSTEM not set).
2023-12-12 06:52:22.140 [info] > git rev-parse --show-toplevel [1ms]
2023-12-12 06:52:22.140 [info] fatal: not a git repository (or any parent up to mount point /)
Stopping at filesystem boundary (GIT_DISCOVERY_ACROSS_FILESYSTEM not set).
2023-12-12 06:52:22.149 [info] > git rev-parse --show-toplevel [1ms]
2023-12-12 06:52:22.149 [info] fatal: not a git repository (or any parent up to mount point /)
Stopping at filesystem boundary (GIT_DISCOVERY_ACROSS_FILESYSTEM not set).
2023-12-12 06:52:22.159 [info] > git rev-parse --show-toplevel [2ms]
2023-12-12 06:52:22.159 [info] fatal: not a git repository (or any parent up to mount point /)
Stopping at filesystem boundary (GIT_DISCOVERY_ACROSS_FILESYSTEM not set).
2023-12-12 06:52:22.170 [info] > git rev-parse --show-toplevel [1ms]
2023-12-12 06:52:22.170 [info] fatal: not a git repository (or any parent up to mount point /)
Stopping at filesystem boundary (GIT_DISCOVERY_ACROSS_FILESYSTEM not set).
2023-12-12 06:52:22.178 [info] > git rev-parse --show-toplevel [0ms]
2023-12-12 06:52:22.178 [info] fatal: not a git repository (or any parent up to mount point /)
Stopping at filesystem boundary (GIT_DISCOVERY_ACROSS_FILESYSTEM not set).
2023-12-12 06:52:22.186 [info] > git rev-parse --show-toplevel [1ms]
2023-12-12 06:52:22.186 [info] fatal: not a git repository (or any parent up to mount point /)
Stopping at filesystem boundary (GIT_DISCOVERY_ACROSS_FILESYSTEM not set).
2023-12-12 06:52:22.200 [info] > git rev-parse --show-toplevel [3ms]
2023-12-12 06:52:22.200 [info] fatal: not a git repository (or any parent up to mount point /)
Stopping at filesystem boundary (GIT_DISCOVERY_ACROSS_FILESYSTEM not set).
2023-12-12 06:52:22.211 [info] > git rev-parse --show-toplevel [1ms]
2023-12-12 06:52:22.211 [info] fatal: not a git repository (or any parent up to mount point /)
Stopping at filesystem boundary (GIT_DISCOVERY_ACROSS_FILESYSTEM not set).
2023-12-12 06:52:22.220 [info] > git rev-parse --show-toplevel [1ms]
2023-12-12 06:52:22.220 [info] fatal: not a git repository (or any parent up to mount point /)
Stopping at filesystem boundary (GIT_DISCOVERY_ACROSS_FILESYSTEM not set).
2023-12-12 06:52:22.234 [info] > git rev-parse --show-toplevel [1ms]
2023-12-12 06:52:22.234 [info] fatal: not a git repository (or any parent up to mount point /)
Stopping at filesystem boundary (GIT_DISCOVERY_ACROSS_FILESYSTEM not set).
2023-12-12 06:52:22.245 [info] > git rev-parse --show-toplevel [1ms]
2023-12-12 06:52:22.245 [info] fatal: not a git repository (or any parent up to mount point /)
Stopping at filesystem boundary (GIT_DISCOVERY_ACROSS_FILESYSTEM not set).
2023-12-12 06:52:22.255 [info] > git rev-parse --show-toplevel [1ms]
2023-12-12 06:52:22.255 [info] fatal: not a git repository (or any parent up to mount point /)
Stopping at filesystem boundary (GIT_DISCOVERY_ACROSS_FILESYSTEM not set).
2023-12-12 06:52:22.267 [info] > git rev-parse --show-toplevel [1ms]
2023-12-12 06:52:22.267 [info] fatal: not a git repository (or any parent up to mount point /)
Stopping at filesystem boundary (GIT_DISCOVERY_ACROSS_FILESYSTEM not set).
2023-12-12 06:52:25.947 [info] > git rev-parse --show-toplevel [10ms]
2023-12-12 06:52:25.947 [info] fatal: not a git repository (or any parent up to mount point /)
Stopping at filesystem boundary (GIT_DISCOVERY_ACROSS_FILESYSTEM not set).
