2023-12-12 05:41:52.493 [info] Log level: Info
2023-12-12 05:41:52.493 [info] Validating found git in: "git"
2023-12-12 05:41:52.493 [info] Using git "2.43.0" from "git"
2023-12-12 05:41:52.493 [info] > git rev-parse --show-toplevel [4ms]
2023-12-12 05:41:52.493 [info] fatal: not a git repository (or any parent up to mount point /)
Stopping at filesystem boundary (GIT_DISCOVERY_ACROSS_FILESYSTEM not set).
2023-12-12 05:41:52.493 [info] > git rev-parse --show-toplevel [17ms]
2023-12-12 05:41:52.493 [info] fatal: not a git repository (or any parent up to mount point /)
Stopping at filesystem boundary (GIT_DISCOVERY_ACROSS_FILESYSTEM not set).
2023-12-12 05:41:52.494 [info] > git rev-parse --show-toplevel [1015ms]
2023-12-12 05:41:52.495 [info] fatal: not a git repository (or any parent up to mount point /)
Stopping at filesystem boundary (GIT_DISCOVERY_ACROSS_FILESYSTEM not set).
2023-12-12 05:41:52.611 [info] > git rev-parse --show-toplevel [61ms]
2023-12-12 05:41:52.611 [info] fatal: not a git repository (or any parent up to mount point /)
Stopping at filesystem boundary (GIT_DISCOVERY_ACROSS_FILESYSTEM not set).
2023-12-12 05:41:52.642 [info] > git rev-parse --show-toplevel [14ms]
2023-12-12 05:41:52.642 [info] fatal: not a git repository (or any parent up to mount point /)
Stopping at filesystem boundary (GIT_DISCOVERY_ACROSS_FILESYSTEM not set).
2023-12-12 05:41:52.693 [info] > git rev-parse --show-toplevel [4ms]
2023-12-12 05:41:52.693 [info] fatal: not a git repository (or any parent up to mount point /)
Stopping at filesystem boundary (GIT_DISCOVERY_ACROSS_FILESYSTEM not set).
2023-12-12 05:41:52.709 [info] > git rev-parse --show-toplevel [4ms]
2023-12-12 05:41:52.709 [info] fatal: not a git repository (or any parent up to mount point /)
Stopping at filesystem boundary (GIT_DISCOVERY_ACROSS_FILESYSTEM not set).
2023-12-12 05:41:52.721 [info] > git rev-parse --show-toplevel [1ms]
2023-12-12 05:41:52.721 [info] fatal: not a git repository (or any parent up to mount point /)
Stopping at filesystem boundary (GIT_DISCOVERY_ACROSS_FILESYSTEM not set).
2023-12-12 05:41:52.732 [info] > git rev-parse --show-toplevel [4ms]
2023-12-12 05:41:52.732 [info] fatal: not a git repository (or any parent up to mount point /)
Stopping at filesystem boundary (GIT_DISCOVERY_ACROSS_FILESYSTEM not set).
2023-12-12 05:41:52.743 [info] > git rev-parse --show-toplevel [1ms]
2023-12-12 05:41:52.743 [info] fatal: not a git repository (or any parent up to mount point /)
Stopping at filesystem boundary (GIT_DISCOVERY_ACROSS_FILESYSTEM not set).
2023-12-12 05:41:52.759 [info] > git rev-parse --show-toplevel [4ms]
2023-12-12 05:41:52.759 [info] fatal: not a git repository (or any parent up to mount point /)
Stopping at filesystem boundary (GIT_DISCOVERY_ACROSS_FILESYSTEM not set).
2023-12-12 05:41:52.861 [info] > git rev-parse --show-toplevel [93ms]
2023-12-12 05:41:52.861 [info] fatal: not a git repository (or any parent up to mount point /)
Stopping at filesystem boundary (GIT_DISCOVERY_ACROSS_FILESYSTEM not set).
2023-12-12 05:41:52.966 [info] > git rev-parse --show-toplevel [4ms]
2023-12-12 05:41:52.966 [info] fatal: not a git repository (or any parent up to mount point /)
Stopping at filesystem boundary (GIT_DISCOVERY_ACROSS_FILESYSTEM not set).
2023-12-12 05:41:52.976 [info] > git rev-parse --show-toplevel [1ms]
2023-12-12 05:41:52.976 [info] fatal: not a git repository (or any parent up to mount point /)
Stopping at filesystem boundary (GIT_DISCOVERY_ACROSS_FILESYSTEM not set).
2023-12-12 05:41:52.989 [info] > git rev-parse --show-toplevel [2ms]
2023-12-12 05:41:52.989 [info] fatal: not a git repository (or any parent up to mount point /)
Stopping at filesystem boundary (GIT_DISCOVERY_ACROSS_FILESYSTEM not set).
2023-12-12 05:41:53.008 [info] > git rev-parse --show-toplevel [6ms]
2023-12-12 05:41:53.008 [info] fatal: not a git repository (or any parent up to mount point /)
Stopping at filesystem boundary (GIT_DISCOVERY_ACROSS_FILESYSTEM not set).
2023-12-12 05:41:53.031 [info] > git rev-parse --show-toplevel [12ms]
2023-12-12 05:41:53.032 [info] fatal: not a git repository (or any parent up to mount point /)
Stopping at filesystem boundary (GIT_DISCOVERY_ACROSS_FILESYSTEM not set).
2023-12-12 05:41:53.043 [info] > git rev-parse --show-toplevel [1ms]
2023-12-12 05:41:53.043 [info] fatal: not a git repository (or any parent up to mount point /)
Stopping at filesystem boundary (GIT_DISCOVERY_ACROSS_FILESYSTEM not set).
2023-12-12 05:41:53.073 [info] > git rev-parse --show-toplevel [20ms]
2023-12-12 05:41:53.073 [info] fatal: not a git repository (or any parent up to mount point /)
Stopping at filesystem boundary (GIT_DISCOVERY_ACROSS_FILESYSTEM not set).
2023-12-12 05:41:53.086 [info] > git rev-parse --show-toplevel [2ms]
2023-12-12 05:41:53.086 [info] fatal: not a git repository (or any parent up to mount point /)
Stopping at filesystem boundary (GIT_DISCOVERY_ACROSS_FILESYSTEM not set).
2023-12-12 05:41:53.097 [info] > git rev-parse --show-toplevel [3ms]
2023-12-12 05:41:53.097 [info] fatal: not a git repository (or any parent up to mount point /)
Stopping at filesystem boundary (GIT_DISCOVERY_ACROSS_FILESYSTEM not set).
2023-12-12 05:41:53.109 [info] > git rev-parse --show-toplevel [2ms]
2023-12-12 05:41:53.109 [info] fatal: not a git repository (or any parent up to mount point /)
Stopping at filesystem boundary (GIT_DISCOVERY_ACROSS_FILESYSTEM not set).
2023-12-12 05:41:53.122 [info] > git rev-parse --show-toplevel [2ms]
2023-12-12 05:41:53.122 [info] fatal: not a git repository (or any parent up to mount point /)
Stopping at filesystem boundary (GIT_DISCOVERY_ACROSS_FILESYSTEM not set).
2023-12-12 05:41:53.135 [info] > git rev-parse --show-toplevel [1ms]
2023-12-12 05:41:53.135 [info] fatal: not a git repository (or any parent up to mount point /)
Stopping at filesystem boundary (GIT_DISCOVERY_ACROSS_FILESYSTEM not set).
2023-12-12 05:41:53.146 [info] > git rev-parse --show-toplevel [2ms]
2023-12-12 05:41:53.146 [info] fatal: not a git repository (or any parent up to mount point /)
Stopping at filesystem boundary (GIT_DISCOVERY_ACROSS_FILESYSTEM not set).
2023-12-12 05:41:53.160 [info] > git rev-parse --show-toplevel [2ms]
2023-12-12 05:41:53.160 [info] fatal: not a git repository (or any parent up to mount point /)
Stopping at filesystem boundary (GIT_DISCOVERY_ACROSS_FILESYSTEM not set).
2023-12-12 05:41:53.175 [info] > git rev-parse --show-toplevel [2ms]
2023-12-12 05:41:53.175 [info] fatal: not a git repository (or any parent up to mount point /)
Stopping at filesystem boundary (GIT_DISCOVERY_ACROSS_FILESYSTEM not set).
2023-12-12 05:41:53.192 [info] > git rev-parse --show-toplevel [3ms]
2023-12-12 05:41:53.192 [info] fatal: not a git repository (or any parent up to mount point /)
Stopping at filesystem boundary (GIT_DISCOVERY_ACROSS_FILESYSTEM not set).
2023-12-12 05:41:53.206 [info] > git rev-parse --show-toplevel [2ms]
2023-12-12 05:41:53.206 [info] fatal: not a git repository (or any parent up to mount point /)
Stopping at filesystem boundary (GIT_DISCOVERY_ACROSS_FILESYSTEM not set).
2023-12-12 05:41:53.240 [info] > git rev-parse --show-toplevel [20ms]
2023-12-12 05:41:53.240 [info] fatal: not a git repository (or any parent up to mount point /)
Stopping at filesystem boundary (GIT_DISCOVERY_ACROSS_FILESYSTEM not set).
2023-12-12 05:41:53.261 [info] > git rev-parse --show-toplevel [4ms]
2023-12-12 05:41:53.261 [info] fatal: not a git repository (or any parent up to mount point /)
Stopping at filesystem boundary (GIT_DISCOVERY_ACROSS_FILESYSTEM not set).
2023-12-12 05:41:53.278 [info] > git rev-parse --show-toplevel [4ms]
2023-12-12 05:41:53.278 [info] fatal: not a git repository (or any parent up to mount point /)
Stopping at filesystem boundary (GIT_DISCOVERY_ACROSS_FILESYSTEM not set).
2023-12-12 05:42:18.544 [info] > git rev-parse --show-toplevel [3ms]
2023-12-12 05:42:18.544 [info] fatal: not a git repository (or any parent up to mount point /)
Stopping at filesystem boundary (GIT_DISCOVERY_ACROSS_FILESYSTEM not set).
2023-12-12 05:42:30.036 [info] > git rev-parse --show-toplevel [3ms]
2023-12-12 05:42:30.036 [info] fatal: not a git repository (or any parent up to mount point /)
Stopping at filesystem boundary (GIT_DISCOVERY_ACROSS_FILESYSTEM not set).
2023-12-12 05:43:02.367 [info] > git rev-parse --show-toplevel [2ms]
2023-12-12 05:43:02.367 [info] fatal: not a git repository (or any parent up to mount point /)
Stopping at filesystem boundary (GIT_DISCOVERY_ACROSS_FILESYSTEM not set).
2023-12-12 05:47:57.774 [info] > git rev-parse --show-toplevel [2ms]
2023-12-12 05:47:57.774 [info] fatal: not a git repository (or any parent up to mount point /)
Stopping at filesystem boundary (GIT_DISCOVERY_ACROSS_FILESYSTEM not set).
2023-12-12 05:48:15.168 [info] > git rev-parse --show-toplevel [2ms]
2023-12-12 05:48:15.168 [info] fatal: not a git repository (or any parent up to mount point /)
Stopping at filesystem boundary (GIT_DISCOVERY_ACROSS_FILESYSTEM not set).
2023-12-12 05:48:37.569 [info] > git rev-parse --show-toplevel [2ms]
2023-12-12 05:48:37.569 [info] fatal: not a git repository (or any parent up to mount point /)
Stopping at filesystem boundary (GIT_DISCOVERY_ACROSS_FILESYSTEM not set).
2023-12-12 05:48:49.199 [info] > git rev-parse --show-toplevel [4ms]
2023-12-12 05:48:49.199 [info] fatal: not a git repository (or any parent up to mount point /)
Stopping at filesystem boundary (GIT_DISCOVERY_ACROSS_FILESYSTEM not set).
2023-12-12 05:48:55.158 [info] > git rev-parse --show-toplevel [2ms]
2023-12-12 05:48:55.158 [info] fatal: not a git repository (or any parent up to mount point /)
Stopping at filesystem boundary (GIT_DISCOVERY_ACROSS_FILESYSTEM not set).
2023-12-12 05:49:07.171 [info] > git rev-parse --show-toplevel [1ms]
2023-12-12 05:49:07.171 [info] fatal: not a git repository (or any parent up to mount point /)
Stopping at filesystem boundary (GIT_DISCOVERY_ACROSS_FILESYSTEM not set).
2023-12-12 05:49:09.696 [info] > git rev-parse --show-toplevel [2ms]
2023-12-12 05:49:09.696 [info] fatal: not a git repository (or any parent up to mount point /)
Stopping at filesystem boundary (GIT_DISCOVERY_ACROSS_FILESYSTEM not set).
2023-12-12 05:49:14.575 [info] > git rev-parse --show-toplevel [2ms]
2023-12-12 05:49:14.575 [info] fatal: not a git repository (or any parent up to mount point /)
Stopping at filesystem boundary (GIT_DISCOVERY_ACROSS_FILESYSTEM not set).
2023-12-12 05:49:27.975 [info] > git rev-parse --show-toplevel [2ms]
2023-12-12 05:49:27.975 [info] fatal: not a git repository (or any parent up to mount point /)
Stopping at filesystem boundary (GIT_DISCOVERY_ACROSS_FILESYSTEM not set).
