2023-12-12 05:39:15.187 [info] Reading sessions from keychain...
2023-12-12 05:39:15.187 [info] Getting sessions for all scopes...
2023-12-12 05:39:15.187 [info] Got stored sessions!
2023-12-12 05:39:15.187 [info] Got 1 verified sessions.
2023-12-12 05:39:15.187 [info] Got 1 sessions for ...
2023-12-12 05:39:15.187 [info] Getting sessions for all scopes...
2023-12-12 05:39:15.187 [info] Got 1 sessions for ...
2023-12-12 05:39:15.187 [info] Getting sessions for read:user...
2023-12-12 05:39:15.187 [info] Got 0 sessions for read:user...
2023-12-12 05:39:15.187 [info] Getting sessions for user:email...
2023-12-12 05:39:15.187 [info] Got 1 sessions for user:email...
2023-12-12 05:39:15.264 [info] Getting sessions for user:email...
2023-12-12 05:39:15.264 [info] Got 1 sessions for user:email...
2023-12-12 05:39:15.281 [info] Getting sessions for all scopes...
2023-12-12 05:39:15.281 [info] Got 1 sessions for ...
2023-12-12 05:39:15.703 [info] Getting sessions for user:email...
2023-12-12 05:39:15.703 [info] Got 1 sessions for user:email...
2023-12-12 05:39:16.126 [info] Getting sessions for user:email...
2023-12-12 05:39:16.126 [info] Got 1 sessions for user:email...
2023-12-12 05:39:16.162 [info] Getting sessions for user:email...
2023-12-12 05:39:16.162 [info] Got 1 sessions for user:email...
