2023-12-12 06:59:01.577 [info] Log level: Info
2023-12-12 06:59:01.577 [info] Validating found git in: "git"
2023-12-12 06:59:01.577 [info] Using git "2.43.0" from "git"
2023-12-12 06:59:01.577 [info] > git rev-parse --show-toplevel [12ms]
2023-12-12 06:59:01.577 [info] fatal: not a git repository (or any parent up to mount point /)
Stopping at filesystem boundary (GIT_DISCOVERY_ACROSS_FILESYSTEM not set).
2023-12-12 06:59:01.577 [info] > git rev-parse --show-toplevel [229ms]
2023-12-12 06:59:01.577 [info] fatal: not a git repository (or any parent up to mount point /)
Stopping at filesystem boundary (GIT_DISCOVERY_ACROSS_FILESYSTEM not set).
2023-12-12 06:59:01.577 [info] > git rev-parse --show-toplevel [50ms]
2023-12-12 06:59:01.577 [info] fatal: not a git repository (or any parent up to mount point /)
Stopping at filesystem boundary (GIT_DISCOVERY_ACROSS_FILESYSTEM not set).
2023-12-12 06:59:01.641 [info] > git rev-parse --show-toplevel [36ms]
2023-12-12 06:59:01.641 [info] fatal: not a git repository (or any parent up to mount point /)
Stopping at filesystem boundary (GIT_DISCOVERY_ACROSS_FILESYSTEM not set).
2023-12-12 06:59:01.754 [info] > git rev-parse --show-toplevel [98ms]
2023-12-12 06:59:01.754 [info] fatal: not a git repository (or any parent up to mount point /)
Stopping at filesystem boundary (GIT_DISCOVERY_ACROSS_FILESYSTEM not set).
2023-12-12 06:59:01.795 [info] > git rev-parse --show-toplevel [21ms]
2023-12-12 06:59:01.795 [info] fatal: not a git repository (or any parent up to mount point /)
Stopping at filesystem boundary (GIT_DISCOVERY_ACROSS_FILESYSTEM not set).
2023-12-12 06:59:01.818 [info] > git rev-parse --show-toplevel [6ms]
2023-12-12 06:59:01.818 [info] fatal: not a git repository (or any parent up to mount point /)
Stopping at filesystem boundary (GIT_DISCOVERY_ACROSS_FILESYSTEM not set).
2023-12-12 06:59:01.837 [info] > git rev-parse --show-toplevel [10ms]
2023-12-12 06:59:01.837 [info] fatal: not a git repository (or any parent up to mount point /)
Stopping at filesystem boundary (GIT_DISCOVERY_ACROSS_FILESYSTEM not set).
2023-12-12 06:59:01.862 [info] > git rev-parse --show-toplevel [15ms]
2023-12-12 06:59:01.862 [info] fatal: not a git repository (or any parent up to mount point /)
Stopping at filesystem boundary (GIT_DISCOVERY_ACROSS_FILESYSTEM not set).
2023-12-12 06:59:02.018 [info] > git rev-parse --show-toplevel [135ms]
2023-12-12 06:59:02.018 [info] fatal: not a git repository (or any parent up to mount point /)
Stopping at filesystem boundary (GIT_DISCOVERY_ACROSS_FILESYSTEM not set).
2023-12-12 06:59:02.223 [info] > git rev-parse --show-toplevel [194ms]
2023-12-12 06:59:02.223 [info] fatal: not a git repository (or any parent up to mount point /)
Stopping at filesystem boundary (GIT_DISCOVERY_ACROSS_FILESYSTEM not set).
2023-12-12 06:59:02.243 [info] > git rev-parse --show-toplevel [2ms]
2023-12-12 06:59:02.243 [info] fatal: not a git repository (or any parent up to mount point /)
Stopping at filesystem boundary (GIT_DISCOVERY_ACROSS_FILESYSTEM not set).
2023-12-12 06:59:02.270 [info] > git rev-parse --show-toplevel [11ms]
2023-12-12 06:59:02.271 [info] fatal: not a git repository (or any parent up to mount point /)
Stopping at filesystem boundary (GIT_DISCOVERY_ACROSS_FILESYSTEM not set).
2023-12-12 06:59:02.285 [info] > git rev-parse --show-toplevel [2ms]
2023-12-12 06:59:02.285 [info] fatal: not a git repository (or any parent up to mount point /)
Stopping at filesystem boundary (GIT_DISCOVERY_ACROSS_FILESYSTEM not set).
2023-12-12 06:59:02.303 [info] > git rev-parse --show-toplevel [2ms]
2023-12-12 06:59:02.304 [info] fatal: not a git repository (or any parent up to mount point /)
Stopping at filesystem boundary (GIT_DISCOVERY_ACROSS_FILESYSTEM not set).
2023-12-12 06:59:02.319 [info] > git rev-parse --show-toplevel [1ms]
2023-12-12 06:59:02.319 [info] fatal: not a git repository (or any parent up to mount point /)
Stopping at filesystem boundary (GIT_DISCOVERY_ACROSS_FILESYSTEM not set).
2023-12-12 06:59:02.334 [info] > git rev-parse --show-toplevel [3ms]
2023-12-12 06:59:02.334 [info] fatal: not a git repository (or any parent up to mount point /)
Stopping at filesystem boundary (GIT_DISCOVERY_ACROSS_FILESYSTEM not set).
2023-12-12 06:59:02.347 [info] > git rev-parse --show-toplevel [2ms]
2023-12-12 06:59:02.347 [info] fatal: not a git repository (or any parent up to mount point /)
Stopping at filesystem boundary (GIT_DISCOVERY_ACROSS_FILESYSTEM not set).
2023-12-12 06:59:02.362 [info] > git rev-parse --show-toplevel [1ms]
2023-12-12 06:59:02.362 [info] fatal: not a git repository (or any parent up to mount point /)
Stopping at filesystem boundary (GIT_DISCOVERY_ACROSS_FILESYSTEM not set).
2023-12-12 06:59:02.376 [info] > git rev-parse --show-toplevel [2ms]
2023-12-12 06:59:02.376 [info] fatal: not a git repository (or any parent up to mount point /)
Stopping at filesystem boundary (GIT_DISCOVERY_ACROSS_FILESYSTEM not set).
2023-12-12 06:59:02.390 [info] > git rev-parse --show-toplevel [1ms]
2023-12-12 06:59:02.390 [info] fatal: not a git repository (or any parent up to mount point /)
Stopping at filesystem boundary (GIT_DISCOVERY_ACROSS_FILESYSTEM not set).
2023-12-12 06:59:02.404 [info] > git rev-parse --show-toplevel [2ms]
2023-12-12 06:59:02.404 [info] fatal: not a git repository (or any parent up to mount point /)
Stopping at filesystem boundary (GIT_DISCOVERY_ACROSS_FILESYSTEM not set).
2023-12-12 06:59:02.415 [info] > git rev-parse --show-toplevel [1ms]
2023-12-12 06:59:02.415 [info] fatal: not a git repository (or any parent up to mount point /)
Stopping at filesystem boundary (GIT_DISCOVERY_ACROSS_FILESYSTEM not set).
2023-12-12 06:59:02.428 [info] > git rev-parse --show-toplevel [2ms]
2023-12-12 06:59:02.428 [info] fatal: not a git repository (or any parent up to mount point /)
Stopping at filesystem boundary (GIT_DISCOVERY_ACROSS_FILESYSTEM not set).
2023-12-12 06:59:02.442 [info] > git rev-parse --show-toplevel [2ms]
2023-12-12 06:59:02.442 [info] fatal: not a git repository (or any parent up to mount point /)
Stopping at filesystem boundary (GIT_DISCOVERY_ACROSS_FILESYSTEM not set).
2023-12-12 06:59:02.456 [info] > git rev-parse --show-toplevel [3ms]
2023-12-12 06:59:02.456 [info] fatal: not a git repository (or any parent up to mount point /)
Stopping at filesystem boundary (GIT_DISCOVERY_ACROSS_FILESYSTEM not set).
2023-12-12 06:59:02.467 [info] > git rev-parse --show-toplevel [1ms]
2023-12-12 06:59:02.467 [info] fatal: not a git repository (or any parent up to mount point /)
Stopping at filesystem boundary (GIT_DISCOVERY_ACROSS_FILESYSTEM not set).
2023-12-12 06:59:02.477 [info] > git rev-parse --show-toplevel [1ms]
2023-12-12 06:59:02.477 [info] fatal: not a git repository (or any parent up to mount point /)
Stopping at filesystem boundary (GIT_DISCOVERY_ACROSS_FILESYSTEM not set).
2023-12-12 06:59:02.498 [info] > git rev-parse --show-toplevel [10ms]
2023-12-12 06:59:02.498 [info] fatal: not a git repository (or any parent up to mount point /)
Stopping at filesystem boundary (GIT_DISCOVERY_ACROSS_FILESYSTEM not set).
2023-12-12 06:59:02.510 [info] > git rev-parse --show-toplevel [1ms]
2023-12-12 06:59:02.510 [info] fatal: not a git repository (or any parent up to mount point /)
Stopping at filesystem boundary (GIT_DISCOVERY_ACROSS_FILESYSTEM not set).
2023-12-12 06:59:02.522 [info] > git rev-parse --show-toplevel [1ms]
2023-12-12 06:59:02.522 [info] fatal: not a git repository (or any parent up to mount point /)
Stopping at filesystem boundary (GIT_DISCOVERY_ACROSS_FILESYSTEM not set).
2023-12-12 06:59:02.533 [info] > git rev-parse --show-toplevel [2ms]
2023-12-12 06:59:02.533 [info] fatal: not a git repository (or any parent up to mount point /)
Stopping at filesystem boundary (GIT_DISCOVERY_ACROSS_FILESYSTEM not set).
