2023-12-12 05:41:52.720 [info] Reading sessions from keychain...
2023-12-12 05:41:52.721 [info] Getting sessions for all scopes...
2023-12-12 05:41:52.721 [info] Got stored sessions!
2023-12-12 05:41:52.721 [info] Got 1 verified sessions.
2023-12-12 05:41:52.721 [info] Got 1 sessions for ...
2023-12-12 05:41:52.721 [info] Getting sessions for all scopes...
2023-12-12 05:41:52.721 [info] Got 1 sessions for ...
2023-12-12 05:41:52.721 [info] Getting sessions for all scopes...
2023-12-12 05:41:52.721 [info] Got 1 sessions for ...
2023-12-12 05:41:52.721 [info] Getting sessions for read:user...
2023-12-12 05:41:52.721 [info] Got 0 sessions for read:user...
2023-12-12 05:41:52.721 [info] Getting sessions for user:email...
2023-12-12 05:41:52.721 [info] Got 1 sessions for user:email...
2023-12-12 05:41:52.729 [info] Getting sessions for user:email...
2023-12-12 05:41:52.729 [info] Got 1 sessions for user:email...
2023-12-12 05:41:53.320 [info] Getting sessions for user:email...
2023-12-12 05:41:53.320 [info] Got 1 sessions for user:email...
2023-12-12 05:41:53.806 [info] Getting sessions for user:email...
2023-12-12 05:41:53.806 [info] Got 1 sessions for user:email...
2023-12-12 05:41:53.851 [info] Getting sessions for user:email...
2023-12-12 05:41:53.851 [info] Got 1 sessions for user:email...
