2023-12-11 21:26:27.413 [info] Log level: Info
2023-12-11 21:26:27.413 [info] Validating found git in: "git"
2023-12-11 21:26:27.413 [info] Using git "2.43.0" from "git"
2023-12-11 21:26:27.413 [info] > git rev-parse --show-toplevel [10ms]
2023-12-11 21:26:27.413 [info] fatal: not a git repository (or any parent up to mount point /)
Stopping at filesystem boundary (GIT_DISCOVERY_ACROSS_FILESYSTEM not set).
2023-12-11 21:26:27.413 [info] > git rev-parse --show-toplevel [3ms]
2023-12-11 21:26:27.413 [info] fatal: not a git repository (or any parent up to mount point /)
Stopping at filesystem boundary (GIT_DISCOVERY_ACROSS_FILESYSTEM not set).
2023-12-11 21:26:27.413 [info] > git rev-parse --show-toplevel [1ms]
2023-12-11 21:26:27.413 [info] fatal: not a git repository (or any parent up to mount point /)
Stopping at filesystem boundary (GIT_DISCOVERY_ACROSS_FILESYSTEM not set).
2023-12-11 21:26:27.427 [info] > git rev-parse --show-toplevel [3ms]
2023-12-11 21:26:27.427 [info] fatal: not a git repository (or any parent up to mount point /)
Stopping at filesystem boundary (GIT_DISCOVERY_ACROSS_FILESYSTEM not set).
2023-12-11 21:26:27.439 [info] > git rev-parse --show-toplevel [2ms]
2023-12-11 21:26:27.439 [info] fatal: not a git repository (or any parent up to mount point /)
Stopping at filesystem boundary (GIT_DISCOVERY_ACROSS_FILESYSTEM not set).
2023-12-11 21:26:27.448 [info] > git rev-parse --show-toplevel [2ms]
2023-12-11 21:26:27.448 [info] fatal: not a git repository (or any parent up to mount point /)
Stopping at filesystem boundary (GIT_DISCOVERY_ACROSS_FILESYSTEM not set).
2023-12-11 21:26:27.656 [info] > git rev-parse --show-toplevel [196ms]
2023-12-11 21:26:27.656 [info] fatal: not a git repository (or any parent up to mount point /)
Stopping at filesystem boundary (GIT_DISCOVERY_ACROSS_FILESYSTEM not set).
2023-12-11 21:26:28.542 [info] > git rev-parse --show-toplevel [59ms]
2023-12-11 21:26:28.542 [info] fatal: not a git repository (or any parent up to mount point /)
Stopping at filesystem boundary (GIT_DISCOVERY_ACROSS_FILESYSTEM not set).
2023-12-11 21:26:28.616 [info] > git rev-parse --show-toplevel [41ms]
2023-12-11 21:26:28.616 [info] fatal: not a git repository (or any parent up to mount point /)
Stopping at filesystem boundary (GIT_DISCOVERY_ACROSS_FILESYSTEM not set).
2023-12-11 21:26:28.646 [info] > git rev-parse --show-toplevel [9ms]
2023-12-11 21:26:28.646 [info] fatal: not a git repository (or any parent up to mount point /)
Stopping at filesystem boundary (GIT_DISCOVERY_ACROSS_FILESYSTEM not set).
2023-12-11 21:26:28.683 [info] > git rev-parse --show-toplevel [22ms]
2023-12-11 21:26:28.683 [info] fatal: not a git repository (or any parent up to mount point /)
Stopping at filesystem boundary (GIT_DISCOVERY_ACROSS_FILESYSTEM not set).
2023-12-11 21:26:28.702 [info] > git rev-parse --show-toplevel [3ms]
2023-12-11 21:26:28.702 [info] fatal: not a git repository (or any parent up to mount point /)
Stopping at filesystem boundary (GIT_DISCOVERY_ACROSS_FILESYSTEM not set).
2023-12-11 21:26:28.714 [info] > git rev-parse --show-toplevel [2ms]
2023-12-11 21:26:28.714 [info] fatal: not a git repository (or any parent up to mount point /)
Stopping at filesystem boundary (GIT_DISCOVERY_ACROSS_FILESYSTEM not set).
2023-12-11 21:26:28.729 [info] > git rev-parse --show-toplevel [2ms]
2023-12-11 21:26:28.729 [info] fatal: not a git repository (or any parent up to mount point /)
Stopping at filesystem boundary (GIT_DISCOVERY_ACROSS_FILESYSTEM not set).
2023-12-11 21:26:28.740 [info] > git rev-parse --show-toplevel [2ms]
2023-12-11 21:26:28.740 [info] fatal: not a git repository (or any parent up to mount point /)
Stopping at filesystem boundary (GIT_DISCOVERY_ACROSS_FILESYSTEM not set).
2023-12-11 21:26:28.869 [info] > git rev-parse --show-toplevel [119ms]
2023-12-11 21:26:28.869 [info] fatal: not a git repository (or any parent up to mount point /)
Stopping at filesystem boundary (GIT_DISCOVERY_ACROSS_FILESYSTEM not set).
2023-12-11 21:26:28.885 [info] > git rev-parse --show-toplevel [5ms]
2023-12-11 21:26:28.885 [info] fatal: not a git repository (or any parent up to mount point /)
Stopping at filesystem boundary (GIT_DISCOVERY_ACROSS_FILESYSTEM not set).
2023-12-11 21:26:28.902 [info] > git rev-parse --show-toplevel [2ms]
2023-12-11 21:26:28.902 [info] fatal: not a git repository (or any parent up to mount point /)
Stopping at filesystem boundary (GIT_DISCOVERY_ACROSS_FILESYSTEM not set).
2023-12-11 21:26:28.919 [info] > git rev-parse --show-toplevel [4ms]
2023-12-11 21:26:28.919 [info] fatal: not a git repository (or any parent up to mount point /)
Stopping at filesystem boundary (GIT_DISCOVERY_ACROSS_FILESYSTEM not set).
2023-12-11 21:26:28.937 [info] > git rev-parse --show-toplevel [4ms]
2023-12-11 21:26:28.938 [info] fatal: not a git repository (or any parent up to mount point /)
Stopping at filesystem boundary (GIT_DISCOVERY_ACROSS_FILESYSTEM not set).
2023-12-11 21:26:28.969 [info] > git rev-parse --show-toplevel [20ms]
2023-12-11 21:26:28.969 [info] fatal: not a git repository (or any parent up to mount point /)
Stopping at filesystem boundary (GIT_DISCOVERY_ACROSS_FILESYSTEM not set).
2023-12-11 21:26:28.982 [info] > git rev-parse --show-toplevel [3ms]
2023-12-11 21:26:28.982 [info] fatal: not a git repository (or any parent up to mount point /)
Stopping at filesystem boundary (GIT_DISCOVERY_ACROSS_FILESYSTEM not set).
2023-12-11 21:26:29.026 [info] > git rev-parse --show-toplevel [12ms]
2023-12-11 21:26:29.026 [info] fatal: not a git repository (or any parent up to mount point /)
Stopping at filesystem boundary (GIT_DISCOVERY_ACROSS_FILESYSTEM not set).
2023-12-11 21:26:29.041 [info] > git rev-parse --show-toplevel [3ms]
2023-12-11 21:26:29.041 [info] fatal: not a git repository (or any parent up to mount point /)
Stopping at filesystem boundary (GIT_DISCOVERY_ACROSS_FILESYSTEM not set).
2023-12-11 21:26:29.059 [info] > git rev-parse --show-toplevel [8ms]
2023-12-11 21:26:29.060 [info] fatal: not a git repository (or any parent up to mount point /)
Stopping at filesystem boundary (GIT_DISCOVERY_ACROSS_FILESYSTEM not set).
2023-12-11 21:26:29.082 [info] > git rev-parse --show-toplevel [12ms]
2023-12-11 21:26:29.082 [info] fatal: not a git repository (or any parent up to mount point /)
Stopping at filesystem boundary (GIT_DISCOVERY_ACROSS_FILESYSTEM not set).
2023-12-11 21:26:29.234 [info] > git rev-parse --show-toplevel [135ms]
2023-12-11 21:26:29.234 [info] fatal: not a git repository (or any parent up to mount point /)
Stopping at filesystem boundary (GIT_DISCOVERY_ACROSS_FILESYSTEM not set).
2023-12-11 21:26:29.257 [info] > git rev-parse --show-toplevel [13ms]
2023-12-11 21:26:29.257 [info] fatal: not a git repository (or any parent up to mount point /)
Stopping at filesystem boundary (GIT_DISCOVERY_ACROSS_FILESYSTEM not set).
2023-12-11 21:26:29.274 [info] > git rev-parse --show-toplevel [2ms]
2023-12-11 21:26:29.274 [info] fatal: not a git repository (or any parent up to mount point /)
Stopping at filesystem boundary (GIT_DISCOVERY_ACROSS_FILESYSTEM not set).
2023-12-11 21:26:29.287 [info] > git rev-parse --show-toplevel [3ms]
2023-12-11 21:26:29.287 [info] fatal: not a git repository (or any parent up to mount point /)
Stopping at filesystem boundary (GIT_DISCOVERY_ACROSS_FILESYSTEM not set).
2023-12-11 21:26:29.309 [info] > git rev-parse --show-toplevel [8ms]
2023-12-11 21:26:29.310 [info] fatal: not a git repository (or any parent up to mount point /)
Stopping at filesystem boundary (GIT_DISCOVERY_ACROSS_FILESYSTEM not set).
2023-12-11 21:26:32.827 [info] > git rev-parse --show-toplevel [2ms]
2023-12-11 21:26:32.827 [info] fatal: not a git repository (or any parent up to mount point /)
Stopping at filesystem boundary (GIT_DISCOVERY_ACROSS_FILESYSTEM not set).
2023-12-11 21:27:27.165 [info] > git rev-parse --show-toplevel [3ms]
2023-12-11 21:27:27.165 [info] fatal: not a git repository (or any parent up to mount point /)
Stopping at filesystem boundary (GIT_DISCOVERY_ACROSS_FILESYSTEM not set).
2023-12-11 21:32:02.496 [info] > git rev-parse --show-toplevel [2ms]
2023-12-11 21:32:02.496 [info] fatal: not a git repository (or any parent up to mount point /)
Stopping at filesystem boundary (GIT_DISCOVERY_ACROSS_FILESYSTEM not set).
2023-12-11 21:36:41.435 [info] > git rev-parse --show-toplevel [2ms]
2023-12-11 21:36:41.435 [info] fatal: not a git repository (or any parent up to mount point /)
Stopping at filesystem boundary (GIT_DISCOVERY_ACROSS_FILESYSTEM not set).
