[12/11/23, 20:21:20:383] info: 
╔══════════════════════════════════════════════════════╗
║      Slack 4.32.122, linux 6.6.6-arch1-1 on x64      ║
╚══════════════════════════════════════════════════════╝ 
[12/11/23, 20:21:20:384] info: Configured logger via 
{
  "enableConsoleTransport": true,
  "identifierOverride": "webapp-auth-console",
  "shouldUseNewBackend": false,
  "loggerInstanceCount": 4
}
[12/11/23, 20:21:20:384] info: Predefined values for process 
{
  "NODE_ENV": "production",
  "platform": "linux",
  "type": "browser",
  "timeZone": "Europe/Berlin",
  "PACKAGE_MANIFEST.productName": "Slack",
  "PACKAGE_MANIFEST.version": "4.32.122",
  "PACKAGE_MANIFEST.commit": "de0bf8b",
  "PACKAGE_MANIFEST.branch": "HEAD"
}
[12/11/23, 20:23:38:905] info: 
╔══════════════════════════════════════════════════════╗
║      Slack 4.32.122, linux 6.6.6-arch1-1 on x64      ║
╚══════════════════════════════════════════════════════╝ 
[12/11/23, 20:23:38:905] info: Configured logger via 
{
  "enableConsoleTransport": true,
  "identifierOverride": "webapp-auth-console",
  "shouldUseNewBackend": false,
  "loggerInstanceCount": 5
}
[12/11/23, 20:23:38:905] info: Predefined values for process 
{
  "NODE_ENV": "production",
  "platform": "linux",
  "type": "browser",
  "timeZone": "Europe/Berlin",
  "PACKAGE_MANIFEST.productName": "Slack",
  "PACKAGE_MANIFEST.version": "4.32.122",
  "PACKAGE_MANIFEST.commit": "de0bf8b",
  "PACKAGE_MANIFEST.branch": "HEAD"
}
[12/12/23, 05:33:39:458] info: 
╔══════════════════════════════════════════════════════╗
║      Slack 4.35.131, linux 6.6.6-arch1-1 on x64      ║
╚══════════════════════════════════════════════════════╝ 
[12/12/23, 05:33:39:459] info: Configured logger via 
{
  "enableConsoleTransport": true,
  "identifierOverride": "webapp-auth-console",
  "loggerInstanceCount": 3
}
[12/12/23, 05:33:39:459] info: Predefined values for process 
{
  "NODE_ENV": "production",
  "platform": "linux",
  "type": "browser",
  "timeZone": "Europe/Berlin",
  "PACKAGE_MANIFEST.productName": "Slack",
  "PACKAGE_MANIFEST.version": "4.35.131",
  "PACKAGE_MANIFEST.commit": "e5ca49e",
  "PACKAGE_MANIFEST.branch": "HEAD"
}
[12/12/23, 05:33:39:460] warn: %cElectron Security Warning (Insecure Content-Security-Policy) font-weight: bold; This renderer process has either no Content Security
  Policy set or a policy with "unsafe-eval" enabled. This exposes users of
  this app to unnecessary security risks.

For more information and help, consult
https://electronjs.org/docs/tutorial/security.
This warning will not show up
once the app is packaged. 
